cons
 token 32917840  ID        output  dtype  0  link 0
 token 0  NULL
cons
 token 32920048  ID             y  dtype  0  link 0
 token 0  NULL
cons
 token 32919920  ID             x  dtype  0  link 32920048
 token 32920048  ID             y  dtype  0  link 0
In findtype()
 token 32920176  ID          real  dtype  0  link 0
 Finished findtype().
 token 32920176  ID          real  dtype  1  link 0
instvars
 token 32920176  ID          real  dtype  1  link 0
 token 32919920  ID             x  dtype  0  link 32920048
 token 32920176  ID          real  dtype  1  link 0
 token 32920048  ID             y  dtype  0  link 0
 token 32920176  ID          real  dtype  1  link 0
Symbol table level 1
 32919440         lim  CONST  typ INTEGER  val  32
 32919536           c  CONST  typ    REAL  val  6.283180e+00
 32919632           h  CONST  typ INTEGER  val  34
 32919728           s  CONST  typ INTEGER  val  32
 32919824           d  CONST  typ    REAL  val  6.250000e-02
 32920240           x  VAR    1 typ    real  lvl  1  siz     8  off     0
 32920336           y  VAR    1 typ    real  lvl  1  siz     8  off     8
cons
 token 32920624  ID             n  dtype  0  link 0
 token 0  NULL
cons
 token 32920496  ID             i  dtype  0  link 32920624
 token 32920624  ID             n  dtype  0  link 0
In findtype()
 token 32920752  ID       integer  dtype  0  link 0
 Finished findtype().
 token 32920752  ID       integer  dtype  0  link 0
instvars
 token 32920752  ID       integer  dtype  0  link 0
 token 32920496  ID             i  dtype  0  link 32920624
 token 32920752  ID       integer  dtype  0  link 0
 token 32920624  ID             n  dtype  0  link 0
 token 32920752  ID       integer  dtype  0  link 0
Symbol table level 1
 32919440         lim  CONST  typ INTEGER  val  32
 32919536           c  CONST  typ    REAL  val  6.283180e+00
 32919632           h  CONST  typ INTEGER  val  34
 32919728           s  CONST  typ INTEGER  val  32
 32919824           d  CONST  typ    REAL  val  6.250000e-02
 32920240           x  VAR    1 typ    real  lvl  1  siz     8  off     0
 32920336           y  VAR    1 typ    real  lvl  1  siz     8  off     8
 32920816           i  VAR    0 typ integer  lvl  1  siz     4  off    16
 32920912           n  VAR    0 typ integer  lvl  1  siz     4  off    20
binop
 token 32921264  OP            :=  dtype  0  link 0  operands 32921200
 token 32921200  ID             i  dtype  0  link 32921328
 token 32921328  NUM            0  dtype  0  link 0
makeop
 token 32922032  OP         float  dtype  0  link 0  operands 0
binop
 token 32921840  OP             *  dtype  1  link 0  operands 32921776
 token 32921776  NUM 6.250000e-02  dtype  1  link 32922032
 token 32921904  ID             i  dtype  0  link 0
binop
 token 32921712  OP            :=  dtype  1  link 0  operands 32921648
 token 32921648  ID             x  dtype  1  link 32921840
 token 32921840  OP             *  dtype  1  link 0  operands 32921776
unaryop
 token 32922352  OP             -  dtype  0  link 0  operands 32922416
 token 32922416  ID             x  dtype  1  link 0
cons
 token 32922352  OP             -  dtype  0  link 0  operands 32922416
 token 0  NULL
makeop
 token 32922608  OP       funcall  dtype  0  link 0  operands 0
makefuncall
 token 32922608  OP       funcall  dtype  1  link 0  operands 32922224
 token 32922224  ID           exp  dtype  0  link 32922352
 token 32922352  OP             -  dtype  0  link 0  operands 32922416
binop
 token 32922928  OP             *  dtype  1  link 0  operands 32922864
 token 32922864  NUM 6.283180e+00  dtype  1  link 32922992
 token 32922992  ID             x  dtype  1  link 0
cons
 token 32922928  OP             *  dtype  1  link 0  operands 32922864
 token 0  NULL
makeop
 token 32923184  OP       funcall  dtype  0  link 0  operands 0
makefuncall
 token 32923184  OP       funcall  dtype  1  link 0  operands 32922736
 token 32922736  ID           sin  dtype  0  link 32922928
 token 32922928  OP             *  dtype  1  link 0  operands 32922864
BOTH REAL
binop
 token 32922672  OP             *  dtype  1  link 0  operands 32922608
 token 32922608  OP       funcall  dtype  1  link 32923184  operands 32922224
 token 32923184  OP       funcall  dtype  1  link 0  operands 32922736
binop
 token 32922160  OP            :=  dtype  1  link 0  operands 32922096
 token 32922096  ID             y  dtype  1  link 32922672
 token 32922672  OP             *  dtype  1  link 0  operands 32922608
binop
 token 32923632  OP             *  dtype  1  link 0  operands 32923568
 token 32923568  NUM 3.200000e+01  dtype  1  link 32923696
 token 32923696  ID             y  dtype  1  link 0
cons
 token 32923632  OP             *  dtype  1  link 0  operands 32923568
 token 0  NULL
makeop
 token 32923888  OP       funcall  dtype  0  link 0  operands 0
makefuncall
 token 32923888  OP       funcall  dtype  1  link 0  operands 32923440
 token 32923440  ID         round  dtype  0  link 32923632
 token 32923632  OP             *  dtype  1  link 0  operands 32923568
REAL AND INTEGER
binop
 token 32923952  OP             +  dtype  1  link 0  operands 32923888
 token 32923888  OP       funcall  dtype  1  link 32924016  operands 32923440
 token 32924016  NUM 3.400000e+01  dtype  1  link 0
makeop
 token 32924144  OP           fix  dtype  0  link 0  operands 0
binop
 token 32923376  OP            :=  dtype  0  link 0  operands 32923312
 token 32923312  ID             n  dtype  0  link 32924144
 token 32923952  OP             +  dtype  1  link 0  operands 32923888
cons
 token 32924400  STR               dtype  0  link 0
 token 0  NULL
makeop
 token 32924656  OP       funcall  dtype  0  link 0  operands 0
makefuncall
 token 32924656  OP       funcall  dtype  0  link 0  operands 32924272
 token 32924272  ID         write  dtype  0  link 32924400
 token 32924400  STR               dtype  0  link 0
binop
 token 32924912  OP             -  dtype  0  link 0  operands 32924848
 token 32924848  ID             n  dtype  0  link 32924976
 token 32924976  NUM            1  dtype  0  link 0
binop
 token 32924784  OP            :=  dtype  0  link 0  operands 32924720
 token 32924720  ID             n  dtype  0  link 32924912
 token 32924912  OP             -  dtype  0  link 0  operands 32924848
cons
 token 32924656  OP       funcall  dtype  0  link 32924784  operands 32924272
 token 32924784  OP            :=  dtype  0  link 0  operands 32924720
binop
 token 32925168  OP             =  dtype  0  link 0  operands 32925104
 token 32925104  ID             n  dtype  0  link 32925232
 token 32925232  NUM            0  dtype  0  link 0
 token 32925424  NUM            0  dtype  0  link 0
makelabel
 token 32925360  OP         label  dtype  0  link 0  operands 32925424
makeprogn
 token 32924208  OP         progn  dtype  0  link 0  operands 32925360
 token 32925360  OP         label  dtype  0  link 0  operands 32925424
makeprogn
 token 32925040  OP         progn  dtype  0  link 0  operands 32924656
 token 32924656  OP       funcall  dtype  0  link 32924784  operands 32924272
makeop
 token 32925488  OP          goto  dtype  0  link 0  operands 0
 token 32925552  NUM            0  dtype  0  link 0
makegoto
 token 32925488  OP          goto  dtype  0  link 0  operands 32925552
makeprogn
 token 32925616  OP         progn  dtype  0  link 0  operands 0
 token 0  NULL
makeif
 token 32925680  OP            if  dtype  0  link 0  operands 32925168
 token 32925168  OP             =  dtype  0  link 32925616  operands 32925104
 token 32925616  OP         progn  dtype  0  link 32925488  operands 0
 token 32925488  OP          goto  dtype  0  link 0  operands 32925552
makerepeat
 token 32924208  OP         progn  dtype  0  link 0  operands 32925360
 token 32925360  OP         label  dtype  0  link 32925040  operands 32925424
 token 32925040  OP         progn  dtype  0  link 32925680  operands 32924656
 token 32925680  OP            if  dtype  0  link 0  operands 32925168
 token 32925168  OP             =  dtype  0  link 32925616  operands 32925104
 token 32925616  OP         progn  dtype  0  link 32925488  operands 0
 token 32925488  OP          goto  dtype  0  link 0  operands 32925552
cons
 token 32925872  STR            *  dtype  0  link 0
 token 0  NULL
makeop
 token 32926128  OP       funcall  dtype  0  link 0  operands 0
FOUND WRITE AND WRITELN
makefuncall
 token 32926128  OP       funcall  dtype  0  link 0  operands 32925744
 token 32925744  ID      writelni  dtype  0  link 32925872
 token 32925872  STR            *  dtype  0  link 0
cons
 token 32926128  OP       funcall  dtype  0  link 0  operands 32925744
 token 0  NULL
cons
 token 32924208  OP         progn  dtype  0  link 32926128  operands 32925360
 token 32926128  OP       funcall  dtype  0  link 0  operands 32925744
cons
 token 32923376  OP            :=  dtype  0  link 32924208  operands 32923312
 token 32924208  OP         progn  dtype  0  link 32926128  operands 32925360
cons
 token 32922160  OP            :=  dtype  1  link 32923376  operands 32922096
 token 32923376  OP            :=  dtype  0  link 32924208  operands 32923312
cons
 token 32921712  OP            :=  dtype  1  link 32922160  operands 32921648
 token 32922160  OP            :=  dtype  1  link 32923376  operands 32922096
In makepnb(); transferring to makeprogn()...
makeprogn
 token 32921584  OP         progn  dtype  0  link 0  operands 32921712
 token 32921712  OP            :=  dtype  1  link 32922160  operands 32921648
makeprogn
 token 32921136  OP         progn  dtype  0  link 0  operands 32921264
 token 32921264  OP            :=  dtype  0  link 0  operands 32921200
 token 32926256  NUM            1  dtype  0  link 0
makelabel
 token 32926192  OP         label  dtype  0  link 0  operands 32926256
makeop
 token 32926320  OP            <=  dtype  0  link 0  operands 0
makeop
 token 32926384  OP             +  dtype  0  link 0  operands 0
makeprogn
 token 32926512  OP         progn  dtype  0  link 0  operands 32921584
 token 32921584  OP         progn  dtype  0  link 0  operands 32921712
makeif
 token 32926448  OP            if  dtype  0  link 0  operands 32926320
 token 32926320  OP            <=  dtype  0  link 32926512  operands 0
 token 32926512  OP         progn  dtype  0  link 0  operands 32921584
 token 0  NULL
copytok
 token 32926576  ID             i  dtype  0  link 32921328
makeop
 token 32926640  OP            :=  dtype  0  link 0  operands 0
copytok
 token 32926704  ID             i  dtype  0  link 32921392
copytok
 token 32926768  ID             i  dtype  0  link 32921392
 token 32926832  NUM            1  dtype  0  link 0
makeop
 token 32926896  OP          goto  dtype  0  link 0  operands 0
 token 32926960  NUM            1  dtype  0  link 0
makegoto
 token 32926896  OP          goto  dtype  0  link 0  operands 32926960
makefor
 token 32921136  OP         progn  dtype  0  link 0  operands 32921264
 token 32921264  OP            :=  dtype  0  link 32926192  operands 32921200
 token 32921392  typ  2  whic  24  dty   0  sty 0 lnk 0  opnds 0
 token 32921456  NUM           32  dtype  0  link 0
 token 32921520  typ  2  whic   5  dty   0  sty 0 lnk 0  opnds 0
 token 32926320  OP            <=  dtype  0  link 32926512  operands 32926576
 token 32926384  OP             +  dtype  0  link 0  operands 32926768
 token 32926576  ID             i  dtype  0  link 32921392
 token 32926704  ID             i  dtype  0  link 32926384
 token 32926768  ID             i  dtype  0  link 32926832
cons
 token 32921136  OP         progn  dtype  0  link 0  operands 32921264
 token 0  NULL
In makepnb(); transferring to makeprogn()...
makeprogn
 token 32921072  OP         progn  dtype  0  link 0  operands 32921136
 token 32921136  OP         progn  dtype  0  link 0  operands 32921264
makeprogn
 token 32927216  OP         progn  dtype  0  link 0  operands 32917840
 token 32917840  ID        output  dtype  0  link 0
makeprogram
 token 32927152  OP       program  dtype  0  link 0  operands 32917712
 token 32917712  ID        graph1  dtype  0  link 32927216
 token 32927216  OP         progn  dtype  0  link 32921072  operands 32917840
 token 32917840  ID        output  dtype  0  link 0
Symbol table level 0
 32894992        real  BASIC  basicdt   1          siz     8
 32895088     integer  BASIC  basicdt   0          siz     4
 32895184        char  BASIC  basicdt   2          siz     1
 32895280     boolean  BASIC  basicdt   3          siz     4
 32895376         exp  knd 5 0  typ 32895472  lvl  0  siz     0  off     0
(FUNCTION real
          real)
 32895664       trexp  knd 5 0  typ 32895760  lvl  0  siz     0  off     0
(FUNCTION real
          real)
 32895952         sin  knd 5 0  typ 32896048  lvl  0  siz     0  off     0
(FUNCTION real
          real)
 32896240         cos  knd 5 0  typ 32896336  lvl  0  siz     0  off     0
(FUNCTION real
          real)
 32896528       trsin  knd 5 0  typ 32896624  lvl  0  siz     0  off     0
(FUNCTION real
          real)
 32896816        sqrt  knd 5 0  typ 32896912  lvl  0  siz     0  off     0
(FUNCTION real
          real)
 32897104       round  knd 5 0  typ 32897200  lvl  0  siz     0  off     0
(FUNCTION real
          real)
 32897392      iround  knd 5 0  typ 32897488  lvl  0  siz     0  off     0
(FUNCTION integer
          real)
 32897680         ord  knd 5 0  typ 32897776  lvl  0  siz     0  off     0
(FUNCTION integer
          integer)
 32897968         new  knd 5 0  typ 32898064  lvl  0  siz     0  off     0
(FUNCTION integer
          integer)
 32898256       trnew  knd 5 0  typ 32898352  lvl  0  siz     0  off     0
(FUNCTION integer
          integer)
 32898544       write  knd 5 0  typ 32898640  lvl  0  siz     0  off     0
(FUNCTION NULL
          char)
 32898832     writeln  knd 5 0  typ 32898928  lvl  0  siz     0  off     0
(FUNCTION NULL
          char)
 32899120      writef  knd 5 0  typ 32899216  lvl  0  siz     0  off     0
(FUNCTION NULL
          real)
 32899408    writelnf  knd 5 0  typ 32899504  lvl  0  siz     0  off     0
(FUNCTION NULL
          real)
 32899696      writei  knd 5 0  typ 32899792  lvl  0  siz     0  off     0
(FUNCTION NULL
          integer)
 32899984    writelni  knd 5 0  typ 32900080  lvl  0  siz     0  off     0
(FUNCTION NULL
          integer)
 32900272        read  knd 5 0  typ 32900368  lvl  0  siz     0  off     0
(FUNCTION NULL
          NULL)
 32900560      readln  knd 5 0  typ 32900656  lvl  0  siz     0  off     0
(FUNCTION NULL
          NULL)
 32900848         eof  knd 5 0  typ 32900944  lvl  0  siz     0  off     0
(FUNCTION boolean
          NULL)
Symbol table level 1
 32919440         lim  CONST  typ INTEGER  val  32
 32919536           c  CONST  typ    REAL  val  6.283180e+00
 32919632           h  CONST  typ INTEGER  val  34
 32919728           s  CONST  typ INTEGER  val  32
 32919824           d  CONST  typ    REAL  val  6.250000e-02
 32920240           x  VAR    1 typ    real  lvl  1  siz     8  off     0
 32920336           y  VAR    1 typ    real  lvl  1  siz     8  off     8
 32920816           i  VAR    0 typ integer  lvl  1  siz     4  off    16
 32920912           n  VAR    0 typ integer  lvl  1  siz     4  off    20
yyparse result =        0
 token 32927152  OP       program  dtype  0  link 0  operands 32917712
(program graph1 (progn output)
                (progn (progn (:= i 0)
                              (label 1)
                              (if (<= i )
                                  (progn (progn (:= x (* 6.250000e-02
                                                         (float i)))
                                                (:= y (* (funcall exp
                                                                  (- x))
                                                         (funcall sin
                                                                  (* 6.283180e+00
                                                                     x))))
                                                (:= n (fix (+ (funcall round
                                                                       (* 3.200000e+01
                                                                          y))
                                                              3.400000e+01)))
                                                (progn (label 0)
                                                       (progn (funcall write
                                                                       ' ')
                                                              (:= n
                                                                  (- n
                                                                     1)))
                                                       (if (= n
                                                              0)
                                                           (progn)
                                                           (goto 0)))
                                                (funcall writelni '*'))
                                         (:= i (+ i 1))
                                         (goto 1))))))
