(program graph1 (progn output)
                (progn (:= john (funcall new 48))
                       (:= mary (funcall new 48))
                       (:= fred (funcall new 48))
                       (:= (aref (^ john)
                                 32)
                           2)
                       (:= (aref (^ john)
                                 0)
                           19)
                       (progn (label 1)
                              (:= (aref (^ john)
                                        8)
                                  mary))
                       (:= (aref (^ john)
                                 40)
                           4.000000e+04)
                       (:= (aref (^ john)
                                 16)
                           3)
                       (:= (aref (^ mary)
                                 0)
                           21)
                       (:= (aref (^ mary)
                                 8)
                           fred)
                       (progn (label 0)
                              (:= (aref (^ fred)
                                        0)
                                  20))
                       (:= (aref (^ fred)
                                 8)
                           0)
                       (:= (aref (^ (aref (^ (aref (^ john)
                                                   8))
                                          8))
                                 24)
                           4.500000e+00)
                       (:= (aref ac 96)
                           (aref (^ john)
                                 40))
                       (:= ptr john)
                       (:= sum 0)
                       (:= i 1)
                       (progn (label 2)
                              (if (<> ptr 0)
                                  (progn (:= sum (+ sum (aref (^ ptr)
                                                              0)))
                                         (:= (aref people (+ -48
                                                             (* 48
                                                                i)))
                                             (aref (^ ptr)
                                                   0))
                                         (:= (aref aco (+ -8
                                                          (* 12
                                                             i)))
                                             (aref (^ john)
                                                   32))
                                         (:= ptr (aref (^ ptr)
                                                       8))
                                         (:= i (+ i 1))
                                         (goto 2))))
                       (funcall write 'i = ')
                       (funcall writelni i)
                       (funcall write 'Sum of ages = ')
                       (funcall writelni sum)
                       (funcall write 'Fred loc im = ')
                       (funcall writelni (aref (^ fred)
                                               24))
                       (if (< sum 3)
                           (goto 0))))
