Symbol table level 0
 39489552        real  BASIC  basicdt   1          siz     8
 39489648     integer  BASIC  basicdt   0          siz     4
 39489744        char  BASIC  basicdt   2          siz     1
 39489840     boolean  BASIC  basicdt   3          siz     4
 39489936         exp  knd 5 0  typ 39490032  lvl  0  siz     0  off     0
(FUNCTION real
          real)
 39490224       trexp  knd 5 0  typ 39490320  lvl  0  siz     0  off     0
(FUNCTION real
          real)
 39490512         sin  knd 5 0  typ 39490608  lvl  0  siz     0  off     0
(FUNCTION real
          real)
 39490800         cos  knd 5 0  typ 39490896  lvl  0  siz     0  off     0
(FUNCTION real
          real)
 39491088       trsin  knd 5 0  typ 39491184  lvl  0  siz     0  off     0
(FUNCTION real
          real)
 39491376        sqrt  knd 5 0  typ 39491472  lvl  0  siz     0  off     0
(FUNCTION real
          real)
 39491664       round  knd 5 0  typ 39491760  lvl  0  siz     0  off     0
(FUNCTION real
          real)
 39491952      iround  knd 5 0  typ 39492048  lvl  0  siz     0  off     0
(FUNCTION integer
          real)
 39492240         ord  knd 5 0  typ 39492336  lvl  0  siz     0  off     0
(FUNCTION integer
          integer)
 39492528         new  knd 5 0  typ 39492624  lvl  0  siz     0  off     0
(FUNCTION integer
          integer)
 39492816       trnew  knd 5 0  typ 39492912  lvl  0  siz     0  off     0
(FUNCTION integer
          integer)
 39493104       write  knd 5 0  typ 39493200  lvl  0  siz     0  off     0
(FUNCTION NULL
          char)
 39493392     writeln  knd 5 0  typ 39493488  lvl  0  siz     0  off     0
(FUNCTION NULL
          char)
 39493680      writef  knd 5 0  typ 39493776  lvl  0  siz     0  off     0
(FUNCTION NULL
          real)
 39493968    writelnf  knd 5 0  typ 39494064  lvl  0  siz     0  off     0
(FUNCTION NULL
          real)
 39494256      writei  knd 5 0  typ 39494352  lvl  0  siz     0  off     0
(FUNCTION NULL
          integer)
 39494544    writelni  knd 5 0  typ 39494640  lvl  0  siz     0  off     0
(FUNCTION NULL
          integer)
 39494832        read  knd 5 0  typ 39494928  lvl  0  siz     0  off     0
(FUNCTION NULL
          NULL)
 39495120      readln  knd 5 0  typ 39495216  lvl  0  siz     0  off     0
(FUNCTION NULL
          NULL)
 39495408         eof  knd 5 0  typ 39495504  lvl  0  siz     0  off     0
(FUNCTION boolean
          NULL)
Symbol table level 1
 39512848           d  CONST  typ    REAL  val  6.250000e-02
 39513200           s  CONST  typ INTEGER  val  32
 39513552           h  CONST  typ INTEGER  val  34
 39513904           c  CONST  typ    REAL  val  6.283180e+00
 39514256         lim  CONST  typ INTEGER  val  32
 39514800           x  VAR    1 typ    real  lvl  1  siz     8  off     0
 39514896           y  VAR    1 typ    real  lvl  1  siz     8  off     8
 39515376           i  VAR    0 typ integer  lvl  1  siz     4  off    16
 39515472           n  VAR    0 typ integer  lvl  1  siz     4  off    20
yyparse result =        0
(program graph1 (progn output)
                (progn (progn (:= i 0)
                              (label 1)
                              (if (<= i 32)
                                  (progn (progn (:= x (* 6.250000e-02
                                                         (float i)))
                                                (:= y (* (funcall exp
                                                                  (- x))
                                                         (funcall sin
                                                                  (* 6.283180e+00
                                                                     x))))
                                                (:= n (fix (+ (funcall round
                                                                       (* 3.200000e+01
                                                                          y))
                                                              3.400000e+01)))
                                                (progn (label 0)
                                                       (progn (funcall write
                                                                       ' ')
                                                              (:= n
                                                                  (- n
                                                                     1)))
                                                       (if (= n
                                                              0)
                                                           (progn)
                                                           (goto 0)))
                                                (funcall writeln '*'))
                                         (:= i (+ i 1))
                                         (goto 1))))))
